
> interview_saas_1.1@0.1.0 dev
> FIRESTORE_EMULATOR_HOST='' GOOGLE_APPLICATION_CREDENTIALS='' GRPC_VERBOSITY=ERROR NODE_OPTIONS='--no-warnings --openssl-legacy-provider' next dev

   ▲ Next.js 15.3.2
   - Local:        http://localhost:3000
   - Network:      http://192.168.1.3:3000
   - Environments: .env.local

 ✓ Starting...
 ✓ Ready in 1291ms
 ○ Compiling / ...
 ✓ Compiled / in 1950ms (936 modules)
 GET / 307 in 2255ms
 ✓ Compiled in 693ms (345 modules)
 ✓ Compiled /middleware in 325ms (153 modules)
 ○ Compiling /dashboard/interview ...
 ✓ Compiled /dashboard/interview in 2.2s (2262 modules)
Session found (type: session_cookie), verifying...
Verifying Firebase session cookie
Firebase Admin initialized successfully with bucket: prepbettr.firebasestorage.app
Successfully verified user: csIRIdAcPOOC0e21LGtZ1NuAJmz2
Session found (type: session_cookie), verifying...
Verifying Firebase session cookie
Successfully verified user: csIRIdAcPOOC0e21LGtZ1NuAJmz2
 GET /dashboard/interview 200 in 5124ms
Session found (type: session_cookie), verifying...
Verifying Firebase session cookie
Successfully verified user: csIRIdAcPOOC0e21LGtZ1NuAJmz2
 POST /dashboard/interview 200 in 308ms
 ○ Compiling /api/profile/me ...
 ✓ Compiled /api/profile/me in 558ms (2278 modules)
Session found (type: session_cookie), verifying...
Verifying Firebase session cookie
Using existing Firebase Admin app
Successfully verified user: csIRIdAcPOOC0e21LGtZ1NuAJmz2
 GET /api/profile/me 200 in 964ms
Session found (type: session_cookie), verifying...
Verifying Firebase session cookie
Successfully verified user: csIRIdAcPOOC0e21LGtZ1NuAJmz2
 GET /api/profile/me 200 in 311ms
 ○ Compiling /dashboard ...
 ✓ Compiled /dashboard in 2.2s (2316 modules)
 GET /dashboard 200 in 2469ms
 GET /dashboard 200 in 9ms
 ○ Compiling /_not-found ...
 ✓ Compiled /_not-found in 619ms (2302 modules)
 GET /.well-known/appspecific/com.chrome.devtools.json 404 in 872ms
 GET /dashboard/interview 200 in 36ms
Session found (type: session_cookie), verifying...
Verifying Firebase session cookie
Successfully verified user: csIRIdAcPOOC0e21LGtZ1NuAJmz2
 POST /dashboard/interview 200 in 433ms
 ✓ Compiled /api/profile/me in 160ms (1395 modules)
Session found (type: session_cookie), verifying...
Verifying Firebase session cookie
Session found (type: session_cookie), verifying...
Verifying Firebase session cookie
Successfully verified user: csIRIdAcPOOC0e21LGtZ1NuAJmz2
 POST /dashboard/interview 200 in 647ms
Successfully verified user: csIRIdAcPOOC0e21LGtZ1NuAJmz2
 GET /api/profile/me 200 in 716ms
Session found (type: session_cookie), verifying...
Verifying Firebase session cookie
Successfully verified user: csIRIdAcPOOC0e21LGtZ1NuAJmz2
 GET /api/profile/me 200 in 354ms
 GET /dashboard 200 in 50ms
 GET /dashboard 200 in 10ms
   Reload env: .env.local
 ✓ Compiled in 8.8s (2474 modules)
<w> [webpack.cache.PackFileCacheStrategy] Caching failed for pack: Error: ENOENT: no such file or directory, rename '/Users/dikshantvashistha/PrepBettr/.next/cache/webpack/client-development/21.pack.gz_' -> '/Users/dikshantvashistha/PrepBettr/.next/cache/webpack/client-development/21.pack.gz'
   Reload env: .env.local
 ✓ Compiled in 583ms (2451 modules)
 ✓ Compiled in 414ms (936 modules)
 ✓ Compiled in 367ms (936 modules)
 ✓ Compiled in 315ms (936 modules)
 ✓ Compiled in 445ms (2312 modules)
 ✓ Compiled in 461ms (2315 modules)
 ✓ Compiled in 215ms (937 modules)
 ✓ Compiled in 226ms (937 modules)
 ✓ Compiled in 320ms (937 modules)
 ✓ Compiled in 214ms (937 modules)
 ✓ Compiled in 591ms (2325 modules)
   Reload env: .env.local
 ✓ Compiled in 298ms (2464 modules)
 ✓ Compiled in 334ms (942 modules)
<w> [webpack.cache.PackFileCacheStrategy] Caching failed for pack: Error: ENOENT: no such file or directory, rename '/Users/dikshantvashistha/PrepBettr/.next/cache/webpack/client-development/0.pack.gz_' -> '/Users/dikshantvashistha/PrepBettr/.next/cache/webpack/client-development/0.pack.gz'
 ✓ Compiled in 330ms (942 modules)
   Reload env: .env.local
 ✓ Compiled in 4.6s (2487 modules)
 ✓ Compiled in 239ms (942 modules)
 ✓ Compiled in 685ms (2441 modules)
 ✓ Compiled in 229ms (1000 modules)
 ✓ Compiled in 189ms (1000 modules)
 ✓ Compiled in 317ms (2441 modules)
 ✓ Compiled in 253ms (1000 modules)
 ✓ Compiled / in 186ms (1445 modules)
 ⨯ TypeError: Cannot read properties of undefined (reading 'call')
    at __webpack_require__ (.next/server/webpack-runtime.js:33:43)
    at eval (webpack-internal:///(rsc)/./app/page.tsx:5:73)
    at <unknown> (rsc)/./app/page.tsx (/Users/dikshantvashistha/PrepBettr/.next/server/app/page.js:44:1)
    at Function.__webpack_require__ (.next/server/webpack-runtime.js:33:43) {
  page: '/'
}
 ○ Compiling /_error ...
 ✓ Compiled /_error in 752ms (2763 modules)
 GET / 500 in 1635ms
 ○ Compiling /api/vapi/generate ...
 ✓ Compiled /api/vapi/generate in 701ms (2843 modules)
 GET /api/vapi/generate 200 in 814ms
 ✓ Compiled /api/webhooks/dodo in 179ms (2846 modules)
 POST /api/webhooks/dodo 401 in 204ms
 POST /api/webhooks/dodo 401 in 3ms
 ✓ Compiled /api/payments/create-checkout in 310ms (2927 modules)
No session cookie found
 POST /api/payments/create-checkout 401 in 356ms
 ✓ Compiled /api/payments/portal-link in 239ms (2929 modules)
No session cookie found
 GET /api/payments/portal-link 401 in 304ms
[DEV MODE] Skipping quota enforcement for interviews
[DEV MODE] No userId in context, using body or generating mock ID
 ✓ Compiled in 194ms (1244 modules)
Using existing Firebase Admin app
 POST /api/vapi/generate 200 in 2213ms
 POST /api/webhooks/dodo 401 in 11ms
 POST /api/webhooks/dodo 401 in 10ms
 ✓ Compiled in 223ms (1244 modules)
<w> [webpack.cache.PackFileCacheStrategy] Caching failed for pack: Error: ENOENT: no such file or directory, rename '/Users/dikshantvashistha/PrepBettr/.next/cache/webpack/client-development/1.pack.gz_' -> '/Users/dikshantvashistha/PrepBettr/.next/cache/webpack/client-development/1.pack.gz'
 ✓ Compiled in 319ms (1243 modules)
 ✓ Compiled in 229ms (1243 modules)
<w> [webpack.cache.PackFileCacheStrategy] Caching failed for pack: Error: ENOENT: no such file or directory, rename '/Users/dikshantvashistha/PrepBettr/.next/cache/webpack/client-development/0.pack.gz_' -> '/Users/dikshantvashistha/PrepBettr/.next/cache/webpack/client-development/0.pack.gz'
 ✓ Compiled in 791ms (2869 modules)
 ✓ Compiled in 472ms (2869 modules)
 ✓ Compiled in 523ms (2730 modules)
 ✓ Compiled in 536ms (2736 modules)
 ✓ Compiled in 204ms (1246 modules)
 ✓ Compiled in 189ms (1246 modules)
 ✓ Compiled in 355ms (2736 modules)
<w> [webpack.cache.PackFileCacheStrategy] Restoring pack from /Users/dikshantvashistha/PrepBettr/.next/cache/webpack/client-development.pack.gz failed: TypeError: Cannot read properties of undefined (reading 'hasStartTime')
 ✓ Compiled in 2s (2736 modules)
 ✓ Compiled in 235ms (1246 modules)
 ✓ Compiled in 271ms (1246 modules)
 ✓ Compiled in 570ms (2736 modules)
 ✓ Compiled in 422ms (2740 modules)
 ✓ Compiled in 293ms (2740 modules)
 ✓ Compiled in 260ms (1248 modules)
 ✓ Compiled in 196ms (1248 modules)
 ✓ Compiled in 291ms (1248 modules)
 ✓ Compiled in 190ms (1248 modules)
 ✓ Compiled in 355ms (2740 modules)
 ✓ Compiled in 507ms (2744 modules)
 ✓ Compiled in 2.3s (2883 modules)
 ✓ Compiled in 697ms (2883 modules)
 ✓ Compiled in 647ms (2883 modules)
 ✓ Compiled in 503ms (1250 modules)
 ✓ Compiled in 497ms (1250 modules)
 ✓ Compiled in 872ms (2883 modules)
 ✓ Compiled in 390ms (1250 modules)
 ✓ Compiled in 231ms (1250 modules)
 ✓ Compiled in 345ms (1250 modules)
 ✓ Compiled in 371ms (1250 modules)
 ✓ Compiled in 380ms (1250 modules)
 ✓ Compiled in 721ms (2883 modules)
 ✓ Compiled in 237ms (1250 modules)
<w> [webpack.cache.PackFileCacheStrategy] Caching failed for pack: Error: ENOENT: no such file or directory, rename '/Users/dikshantvashistha/PrepBettr/.next/cache/webpack/client-development/0.pack.gz_' -> '/Users/dikshantvashistha/PrepBettr/.next/cache/webpack/client-development/0.pack.gz'
 ✓ Compiled in 2.1s (2742 modules)
 ✓ Compiled in 300ms (2742 modules)
 ✓ Compiled in 363ms (1249 modules)
 ✓ Compiled in 239ms (1249 modules)
 ✓ Compiled in 217ms (1249 modules)
 ✓ Compiled in 284ms (1249 modules)
<w> [webpack.cache.PackFileCacheStrategy] Caching failed for pack: Error: ENOENT: no such file or directory, rename '/Users/dikshantvashistha/PrepBettr/.next/cache/webpack/client-development/2.pack.gz_' -> '/Users/dikshantvashistha/PrepBettr/.next/cache/webpack/client-development/2.pack.gz'
 ✓ Compiled in 690ms (2742 modules)
<w> [webpack.cache.PackFileCacheStrategy] Caching failed for pack: Error: ENOENT: no such file or directory, rename '/Users/dikshantvashistha/PrepBettr/.next/cache/webpack/client-development/0.pack.gz_' -> '/Users/dikshantvashistha/PrepBettr/.next/cache/webpack/client-development/0.pack.gz'
 ✓ Compiled in 426ms (1249 modules)
<w> [webpack.cache.PackFileCacheStrategy] Caching failed for pack: Error: ENOENT: no such file or directory, rename '/Users/dikshantvashistha/PrepBettr/.next/cache/webpack/client-development/0.pack.gz_' -> '/Users/dikshantvashistha/PrepBettr/.next/cache/webpack/client-development/0.pack.gz'
 ✓ Compiled in 352ms (1249 modules)
 ✓ Compiled in 660ms (2742 modules)
 ✓ Compiled in 356ms (1249 modules)
 ✓ Compiled in 784ms (2742 modules)
 ✓ Compiled in 487ms (1249 modules)
 ✓ Compiled in 183ms (1249 modules)
 ✓ Compiled in 235ms (1249 modules)
 ✓ Compiled in 230ms (1249 modules)
 ✓ Compiled in 209ms (1249 modules)
<w> [webpack.cache.PackFileCacheStrategy] Caching failed for pack: Error: ENOENT: no such file or directory, rename '/Users/dikshantvashistha/PrepBettr/.next/cache/webpack/client-development/0.pack.gz_' -> '/Users/dikshantvashistha/PrepBettr/.next/cache/webpack/client-development/0.pack.gz'
 ✓ Compiled in 358ms (1249 modules)
<w> [webpack.cache.PackFileCacheStrategy] Caching failed for pack: Error: ENOENT: no such file or directory, rename '/Users/dikshantvashistha/PrepBettr/.next/cache/webpack/client-development/0.pack.gz_' -> '/Users/dikshantvashistha/PrepBettr/.next/cache/webpack/client-development/0.pack.gz'
 ✓ Compiled in 3.1s (2742 modules)
<w> [webpack.cache.PackFileCacheStrategy] Caching failed for pack: Error: ENOENT: no such file or directory, rename '/Users/dikshantvashistha/PrepBettr/.next/cache/webpack/client-development/2.pack.gz_' -> '/Users/dikshantvashistha/PrepBettr/.next/cache/webpack/client-development/2.pack.gz'
<w> [webpack.cache.PackFileCacheStrategy] Restoring pack from /Users/dikshantvashistha/PrepBettr/.next/cache/webpack/server-development.pack.gz failed: TypeError: Cannot read properties of undefined (reading 'hasStartTime')
 ✓ Compiled in 1032ms (2742 modules)
 ✓ Compiled in 334ms (2742 modules)
 ✓ Compiled in 310ms (2742 modules)
<w> [webpack.cache.PackFileCacheStrategy] Caching failed for pack: Error: ENOENT: no such file or directory, rename '/Users/dikshantvashistha/PrepBettr/.next/cache/webpack/client-development/0.pack.gz_' -> '/Users/dikshantvashistha/PrepBettr/.next/cache/webpack/client-development/0.pack.gz'
<w> [webpack.cache.PackFileCacheStrategy] Restoring pack from /Users/dikshantvashistha/PrepBettr/.next/cache/webpack/server-development.pack.gz failed: TypeError: Cannot read properties of undefined (reading 'hasStartTime')
 ✓ Compiled in 531ms (2742 modules)
 ✓ Compiled in 232ms (1249 modules)
 ✓ Compiled in 532ms (2738 modules)
 ✓ Compiled in 379ms (2738 modules)
 ✓ Compiled in 464ms (2738 modules)
 ✓ Compiled in 428ms (2738 modules)
<w> [webpack.cache.PackFileCacheStrategy] Caching failed for pack: Error: ENOENT: no such file or directory, rename '/Users/dikshantvashistha/PrepBettr/.next/cache/webpack/client-development/0.pack.gz_' -> '/Users/dikshantvashistha/PrepBettr/.next/cache/webpack/client-development/0.pack.gz'
<w> [webpack.cache.PackFileCacheStrategy] Restoring pack from /Users/dikshantvashistha/PrepBettr/.next/cache/webpack/server-development.pack.gz failed: TypeError: Cannot read properties of undefined (reading 'hasStartTime')
 ✓ Compiled in 435ms (2738 modules)
 ⚠ ./lib/actions/dashboard.action.ts
Attempted import error: 'adminDb' is not exported from '@/firebase/admin' (imported as 'adminDb').

Import trace for requested module:
./lib/actions/dashboard.action.ts
./app/dashboard/page.tsx

./lib/actions/dashboard.action.ts
Attempted import error: 'adminDb' is not exported from '@/firebase/admin' (imported as 'adminDb').

Import trace for requested module:
./lib/actions/dashboard.action.ts
./app/dashboard/page.tsx

./lib/actions/dashboard.action.ts
Attempted import error: 'adminDb' is not exported from '@/firebase/admin' (imported as 'adminDb').

Import trace for requested module:
./lib/actions/dashboard.action.ts
./app/dashboard/page.tsx
 ⚠ ./lib/actions/dashboard.action.ts
Attempted import error: 'adminDb' is not exported from '@/firebase/admin' (imported as 'adminDb').

Import trace for requested module:
./lib/actions/dashboard.action.ts
./app/dashboard/page.tsx

./lib/actions/dashboard.action.ts
Attempted import error: 'adminDb' is not exported from '@/firebase/admin' (imported as 'adminDb').

Import trace for requested module:
./lib/actions/dashboard.action.ts
./app/dashboard/page.tsx

./lib/actions/dashboard.action.ts
Attempted import error: 'adminDb' is not exported from '@/firebase/admin' (imported as 'adminDb').

Import trace for requested module:
./lib/actions/dashboard.action.ts
./app/dashboard/page.tsx
 ⚠ ./lib/actions/dashboard.action.ts
Attempted import error: 'adminDb' is not exported from '@/firebase/admin' (imported as 'adminDb').

Import trace for requested module:
./lib/actions/dashboard.action.ts
./app/dashboard/page.tsx

./lib/actions/dashboard.action.ts
Attempted import error: 'adminDb' is not exported from '@/firebase/admin' (imported as 'adminDb').

Import trace for requested module:
./lib/actions/dashboard.action.ts
./app/dashboard/page.tsx

./lib/actions/dashboard.action.ts
Attempted import error: 'adminDb' is not exported from '@/firebase/admin' (imported as 'adminDb').

Import trace for requested module:
./lib/actions/dashboard.action.ts
./app/dashboard/page.tsx
 ⚠ ./lib/actions/dashboard.action.ts
Attempted import error: 'adminDb' is not exported from '@/firebase/admin' (imported as 'adminDb').

Import trace for requested module:
./lib/actions/dashboard.action.ts
./app/dashboard/page.tsx

./lib/actions/dashboard.action.ts
Attempted import error: 'adminDb' is not exported from '@/firebase/admin' (imported as 'adminDb').

Import trace for requested module:
./lib/actions/dashboard.action.ts
./app/dashboard/page.tsx

./lib/actions/dashboard.action.ts
Attempted import error: 'adminDb' is not exported from '@/firebase/admin' (imported as 'adminDb').

Import trace for requested module:
./lib/actions/dashboard.action.ts
./app/dashboard/page.tsx
 ⚠ ./lib/actions/dashboard.action.ts
Attempted import error: 'adminDb' is not exported from '@/firebase/admin' (imported as 'adminDb').

Import trace for requested module:
./lib/actions/dashboard.action.ts
./app/dashboard/page.tsx

./lib/actions/dashboard.action.ts
Attempted import error: 'adminDb' is not exported from '@/firebase/admin' (imported as 'adminDb').

Import trace for requested module:
./lib/actions/dashboard.action.ts
./app/dashboard/page.tsx

./lib/actions/dashboard.action.ts
Attempted import error: 'adminDb' is not exported from '@/firebase/admin' (imported as 'adminDb').

Import trace for requested module:
./lib/actions/dashboard.action.ts
./app/dashboard/page.tsx
<w> [webpack.cache.PackFileCacheStrategy] Caching failed for pack: Error: ENOENT: no such file or directory, rename '/Users/dikshantvashistha/PrepBettr/.next/cache/webpack/client-development/0.pack.gz_' -> '/Users/dikshantvashistha/PrepBettr/.next/cache/webpack/client-development/0.pack.gz'
 ⚠ ./lib/actions/dashboard.action.ts
Attempted import error: 'adminDb' is not exported from '@/firebase/admin' (imported as 'adminDb').

Import trace for requested module:
./lib/actions/dashboard.action.ts
./app/dashboard/page.tsx

./lib/actions/dashboard.action.ts
Attempted import error: 'adminDb' is not exported from '@/firebase/admin' (imported as 'adminDb').

Import trace for requested module:
./lib/actions/dashboard.action.ts
./app/dashboard/page.tsx

./lib/actions/dashboard.action.ts
Attempted import error: 'adminDb' is not exported from '@/firebase/admin' (imported as 'adminDb').

Import trace for requested module:
./lib/actions/dashboard.action.ts
./app/dashboard/page.tsx
 ⚠ ./lib/actions/dashboard.action.ts
Attempted import error: 'adminDb' is not exported from '@/firebase/admin' (imported as 'adminDb').

Import trace for requested module:
./lib/actions/dashboard.action.ts
./app/dashboard/page.tsx

./lib/actions/dashboard.action.ts
Attempted import error: 'adminDb' is not exported from '@/firebase/admin' (imported as 'adminDb').

Import trace for requested module:
./lib/actions/dashboard.action.ts
./app/dashboard/page.tsx

./lib/actions/dashboard.action.ts
Attempted import error: 'adminDb' is not exported from '@/firebase/admin' (imported as 'adminDb').

Import trace for requested module:
./lib/actions/dashboard.action.ts
./app/dashboard/page.tsx
 ⚠ ./lib/actions/dashboard.action.ts
Attempted import error: 'adminDb' is not exported from '@/firebase/admin' (imported as 'adminDb').

Import trace for requested module:
./lib/actions/dashboard.action.ts
./app/dashboard/page.tsx

./lib/actions/dashboard.action.ts
Attempted import error: 'adminDb' is not exported from '@/firebase/admin' (imported as 'adminDb').

Import trace for requested module:
./lib/actions/dashboard.action.ts
./app/dashboard/page.tsx

./lib/actions/dashboard.action.ts
Attempted import error: 'adminDb' is not exported from '@/firebase/admin' (imported as 'adminDb').

Import trace for requested module:
./lib/actions/dashboard.action.ts
./app/dashboard/page.tsx
 ✓ Compiled in 570ms (2744 modules)
 ✓ Compiled in 625ms (2744 modules)
 ✓ Compiled in 236ms (1249 modules)
<w> [webpack.cache.PackFileCacheStrategy] Caching failed for pack: Error: ENOENT: no such file or directory, rename '/Users/dikshantvashistha/PrepBettr/.next/cache/webpack/client-development/1.pack.gz_' -> '/Users/dikshantvashistha/PrepBettr/.next/cache/webpack/client-development/1.pack.gz'
 ✓ Compiled in 2.2s (2744 modules)
 ✓ Compiled in 1057ms (2744 modules)
 ✓ Compiled in 565ms (2740 modules)
 ✓ Compiled in 427ms (2740 modules)
 ✓ Compiled in 743ms (2740 modules)
 ✓ Compiled in 367ms (2740 modules)
<w> [webpack.cache.PackFileCacheStrategy] Caching failed for pack: Error: ENOENT: no such file or directory, rename '/Users/dikshantvashistha/PrepBettr/.next/cache/webpack/client-development/0.pack.gz_' -> '/Users/dikshantvashistha/PrepBettr/.next/cache/webpack/client-development/0.pack.gz'
<w> [webpack.cache.PackFileCacheStrategy] Restoring pack from /Users/dikshantvashistha/PrepBettr/.next/cache/webpack/server-development.pack.gz failed: TypeError: Cannot read properties of undefined (reading 'hasStartTime')
 ○ Compiling /_error ...
 ✓ Compiled /_error in 540ms (2769 modules)
 ⨯ [Error: ENOENT: no such file or directory, open '/Users/dikshantvashistha/PrepBettr/.next/server/pages/_document.js'] {
  errno: -2,
  code: 'ENOENT',
  syscall: 'open',
  path: '/Users/dikshantvashistha/PrepBettr/.next/server/pages/_document.js'
}
[?25h
